Info: *******************************************************************
Info: Running Quartus Prime Shell
    Info: Version 15.1.0 Build 185 10/21/2015 SJ Lite Edition
    Info: Copyright (C) 1991-2015 Altera Corporation. All rights reserved.
    Info: Your use of Altera Corporation's design tools, logic functions 
    Info: and other software and tools, and its AMPP partner logic 
    Info: functions, and any output files from any of the foregoing 
    Info: (including device programming or simulation files), and any 
    Info: associated documentation or information are expressly subject 
    Info: to the terms and conditions of the Altera Program License 
    Info: Subscription Agreement, the Altera Quartus Prime License Agreement,
    Info: the Altera MegaCore Function License Agreement, or other 
    Info: applicable license agreement, including, without limitation, 
    Info: that your use is for the sole purpose of programming logic 
    Info: devices manufactured by Altera and sold by Altera or its 
    Info: authorized distributors.  Please refer to the applicable 
    Info: agreement for further details.
    Info: Processing started: Thu May  5 19:59:44 2016
Info: Command: quartus_sh --determine_smart_action DE0_Nano
Info: Quartus(args): DE0_Nano
Info: SMART_ACTION = DONE
Info: Nothing done
Info (23030): Evaluation of Tcl script /home/uoftmda/altera_lite/15.1/quartus/common/tcl/internal/qsh_smart.tcl was successful
Info: Quartus Prime Shell was successful. 0 errors, 0 warnings
    Info: Peak virtual memory: 1018 megabytes
    Info: Processing ended: Thu May  5 19:59:49 2016
    Info: Elapsed time: 00:00:05
    Info: Total CPU time (on all processors): 00:00:02
